#-----------------------------------------------------------
# Vivado v2018.2 (64-bit)
# SW Build 2258646 on Thu Jun 14 20:02:38 MDT 2018
# IP Build 2256618 on Thu Jun 14 22:10:49 MDT 2018
# Start of session at: Tue May 24 12:08:39 2022
# Process ID: 2091
# Current directory: /home/oberry/4IR/S2/SystemeInfo/CompilerINSA/project_reg
# Command line: vivado
# Log file: /home/oberry/4IR/S2/SystemeInfo/CompilerINSA/project_reg/vivado.log
# Journal file: /home/oberry/4IR/S2/SystemeInfo/CompilerINSA/project_reg/vivado.jou
#-----------------------------------------------------------
start_gui
open_project /home/oberry/4IR/S2/SystemeInfo/CompilerINSA/project_reg/project_reg.xpr
INFO: [Project 1-313] Project file moved from '/home/oberry/4IR/S2/SystemeInfo/project_reg' since last save.
WARNING: [Project 1-312] File not found as '/home/oberry/4IR/banc_registres/banc_registres.srcs/sources_1/new/banc_registre.vhd'; using path '/home/oberry/banc_registres/banc_registres.srcs/sources_1/new/banc_registre.vhd' instead.
WARNING: [Project 1-312] File not found as '/home/oberry/4IR/banc_registres/banc_registres.srcs/sim_1/new/TestBancRegistre.vhd'; using path '/home/oberry/banc_registres/banc_registres.srcs/sim_1/new/TestBancRegistre.vhd' instead.
Scanning sources...
Finished scanning sources
INFO: [IP_Flow 19-234] Refreshing IP repositories
INFO: [IP_Flow 19-1704] No user IP repositories specified
INFO: [IP_Flow 19-2313] Loaded Vivado IP repository '/usr/local/insa/Xilinx.VIVADO/Vivado/2018.2/data/ip'.
open_project: Time (s): cpu = 00:00:08 ; elapsed = 00:00:05 . Memory (MB): peak = 6144.605 ; gain = 98.297 ; free physical = 4890 ; free virtual = 15420
update_compile_order -fileset sources_1
open_hw
WARNING: [IP_Flow 19-3899] Cannot get the environment domain name variable for the component vendor name. Setting the vendor name to 'user.org'.
close_hw
exit
INFO: [Common 17-206] Exiting Vivado at Tue May 24 13:14:48 2022...
