#-----------------------------------------------------------
# Vivado v2018.2 (64-bit)
# SW Build 2258646 on Thu Jun 14 20:02:38 MDT 2018
# IP Build 2256618 on Thu Jun 14 22:10:49 MDT 2018
# Start of session at: Tue May 31 09:54:10 2022
# Process ID: 2255
# Current directory: /home/oberry/4IR/S2/SystemeInfo/CompilerINSA
# Command line: vivado
# Log file: /home/oberry/4IR/S2/SystemeInfo/CompilerINSA/vivado.log
# Journal file: /home/oberry/4IR/S2/SystemeInfo/CompilerINSA/vivado.jou
#-----------------------------------------------------------
start_gui
open_project /home/oberry/4IR/S2/SystemeInfo/CompilerINSA/project_reg/project_reg.xpr
Scanning sources...
Finished scanning sources
INFO: [IP_Flow 19-234] Refreshing IP repositories
INFO: [IP_Flow 19-1704] No user IP repositories specified
INFO: [IP_Flow 19-2313] Loaded Vivado IP repository '/usr/local/insa/Xilinx.VIVADO/Vivado/2018.2/data/ip'.
open_project: Time (s): cpu = 00:00:15 ; elapsed = 00:00:15 . Memory (MB): peak = 6145.727 ; gain = 108.496 ; free physical = 3814 ; free virtual = 15009
update_compile_order -fileset sources_1
exit
INFO: [Common 17-206] Exiting Vivado at Tue May 31 10:57:31 2022...
